1506325583307	geckodriver	INFO	geckodriver 0.18.0
1506325583313	geckodriver	INFO	Listening on 127.0.0.1:61278
1506325585383	geckodriver::marionette	INFO	Starting browser C:\Program Files (x86)\Mozilla Firefox\firefox.exe with args ["-marionette"]
1506325586481	addons.manager	DEBUG	Application has been upgraded
1506325586529	addons.manager	DEBUG	Loaded provider scope for resource://gre/modules/addons/XPIProvider.jsm: ["XPIProvider", "XPIInternal"]
1506325586533	addons.manager	DEBUG	Loaded provider scope for resource://gre/modules/LightweightThemeManager.jsm: ["LightweightThemeManager"]
1506325586562	addons.manager	DEBUG	Loaded provider scope for resource://gre/modules/addons/GMPProvider.jsm
1506325586565	addons.manager	DEBUG	Loaded provider scope for resource://gre/modules/addons/PluginProvider.jsm
1506325586565	addons.manager	DEBUG	Starting provider: XPIProvider
1506325586566	addons.xpi	DEBUG	startup
1506325586566	addons.xpi	INFO	SystemAddonInstallLocation directory is missing
1506325586566	addons.xpi	INFO	Removing all system add-on upgrades.
1506325586567	addons.xpi	DEBUG	checkForChanges
1506325586567	addons.xpi	DEBUG	Loaded add-on state: ${}
1506325586569	addons.xpi	INFO	Mapping aushelper@mozilla.org to C:\Program Files (x86)\Mozilla Firefox\browser\features\aushelper@mozilla.org.xpi
1506325586569	addons.xpi	INFO	Mapping clicktoplay-rollout@mozilla.org to C:\Program Files (x86)\Mozilla Firefox\browser\features\clicktoplay-rollout@mozilla.org.xpi
1506325586569	addons.xpi	INFO	Mapping e10srollout@mozilla.org to C:\Program Files (x86)\Mozilla Firefox\browser\features\e10srollout@mozilla.org.xpi
1506325586569	addons.xpi	INFO	Mapping firefox@getpocket.com to C:\Program Files (x86)\Mozilla Firefox\browser\features\firefox@getpocket.com.xpi
1506325586569	addons.xpi	INFO	Mapping followonsearch@mozilla.com to C:\Program Files (x86)\Mozilla Firefox\browser\features\followonsearch@mozilla.com.xpi
1506325586570	addons.xpi	INFO	Mapping screenshots@mozilla.org to C:\Program Files (x86)\Mozilla Firefox\browser\features\screenshots@mozilla.org.xpi
1506325586570	addons.xpi	INFO	Mapping shield-recipe-client@mozilla.org to C:\Program Files (x86)\Mozilla Firefox\browser\features\shield-recipe-client@mozilla.org.xpi
1506325586570	addons.xpi	INFO	Mapping webcompat@mozilla.org to C:\Program Files (x86)\Mozilla Firefox\browser\features\webcompat@mozilla.org.xpi
1506325586570	addons.xpi	DEBUG	New add-on aushelper@mozilla.org in app-system-defaults
1506325586571	addons.xpi	INFO	Mapping aushelper@mozilla.org to C:\Program Files (x86)\Mozilla Firefox\browser\features\aushelper@mozilla.org.xpi
1506325586571	addons.xpi	DEBUG	New add-on clicktoplay-rollout@mozilla.org in app-system-defaults
1506325586572	addons.xpi	INFO	Mapping clicktoplay-rollout@mozilla.org to C:\Program Files (x86)\Mozilla Firefox\browser\features\clicktoplay-rollout@mozilla.org.xpi
1506325586572	addons.xpi	DEBUG	New add-on e10srollout@mozilla.org in app-system-defaults
1506325586572	addons.xpi	INFO	Mapping e10srollout@mozilla.org to C:\Program Files (x86)\Mozilla Firefox\browser\features\e10srollout@mozilla.org.xpi
1506325586573	addons.xpi	DEBUG	New add-on firefox@getpocket.com in app-system-defaults
1506325586573	addons.xpi	INFO	Mapping firefox@getpocket.com to C:\Program Files (x86)\Mozilla Firefox\browser\features\firefox@getpocket.com.xpi
1506325586573	addons.xpi	DEBUG	New add-on followonsearch@mozilla.com in app-system-defaults
1506325586573	addons.xpi	INFO	Mapping followonsearch@mozilla.com to C:\Program Files (x86)\Mozilla Firefox\browser\features\followonsearch@mozilla.com.xpi
1506325586573	addons.xpi	DEBUG	New add-on screenshots@mozilla.org in app-system-defaults
1506325586574	addons.xpi	INFO	Mapping screenshots@mozilla.org to C:\Program Files (x86)\Mozilla Firefox\browser\features\screenshots@mozilla.org.xpi
1506325586574	addons.xpi	DEBUG	New add-on shield-recipe-client@mozilla.org in app-system-defaults
1506325586574	addons.xpi	INFO	Mapping shield-recipe-client@mozilla.org to C:\Program Files (x86)\Mozilla Firefox\browser\features\shield-recipe-client@mozilla.org.xpi
1506325586574	addons.xpi	DEBUG	New add-on webcompat@mozilla.org in app-system-defaults
1506325586574	addons.xpi	INFO	Mapping webcompat@mozilla.org to C:\Program Files (x86)\Mozilla Firefox\browser\features\webcompat@mozilla.org.xpi
1506325586575	addons.xpi	INFO	Mapping {972ce4c6-7e08-4474-a285-3208198ce6fd} to C:\Program Files (x86)\Mozilla Firefox\browser\extensions\{972ce4c6-7e08-4474-a285-3208198ce6fd}.xpi
1506325586575	addons.xpi	DEBUG	New add-on {972ce4c6-7e08-4474-a285-3208198ce6fd} in app-global
1506325586575	addons.xpi	INFO	Mapping {972ce4c6-7e08-4474-a285-3208198ce6fd} to C:\Program Files (x86)\Mozilla Firefox\browser\extensions\{972ce4c6-7e08-4474-a285-3208198ce6fd}.xpi
1506325586575	addons.xpi	DEBUG	getInstallState changed: true, state: {}
1506325586576	addons.xpi	INFO	SystemAddonInstallLocation directory is missing
1506325586582	addons.xpi-utils	DEBUG	Opening XPI database C:\Users\Tuku\AppData\Local\Temp\rust_mozprofile.FnuVdFbRUlCG\extensions.json
1506325586584	addons.xpi-utils	DEBUG	New add-on aushelper@mozilla.org installed in app-system-defaults
*** Blocklist::_loadBlocklistFromFile: blocklist is disabled
1506325586620	DeferredSave.extensions.json	DEBUG	Save changes
1506325586621	addons.xpi-utils	DEBUG	New add-on clicktoplay-rollout@mozilla.org installed in app-system-defaults
1506325586623	DeferredSave.extensions.json	DEBUG	Starting timer
1506325586625	DeferredSave.extensions.json	DEBUG	Save changes
1506325586625	addons.xpi-utils	DEBUG	New add-on e10srollout@mozilla.org installed in app-system-defaults
1506325586628	DeferredSave.extensions.json	DEBUG	Save changes
1506325586628	addons.xpi-utils	DEBUG	New add-on firefox@getpocket.com installed in app-system-defaults
1506325586632	DeferredSave.extensions.json	DEBUG	Save changes
1506325586632	addons.xpi-utils	DEBUG	New add-on followonsearch@mozilla.com installed in app-system-defaults
1506325586634	DeferredSave.extensions.json	DEBUG	Save changes
1506325586635	addons.xpi-utils	DEBUG	New add-on screenshots@mozilla.org installed in app-system-defaults
1506325586640	DeferredSave.extensions.json	DEBUG	Save changes
1506325586640	addons.xpi-utils	DEBUG	New add-on shield-recipe-client@mozilla.org installed in app-system-defaults
1506325586680	DeferredSave.extensions.json	DEBUG	Save changes
1506325586680	addons.xpi-utils	DEBUG	New add-on webcompat@mozilla.org installed in app-system-defaults
1506325586682	DeferredSave.extensions.json	DEBUG	Save changes
1506325586683	addons.xpi-utils	DEBUG	New add-on {972ce4c6-7e08-4474-a285-3208198ce6fd} installed in app-global
1506325586685	DeferredSave.extensions.json	DEBUG	Save changes
1506325586686	addons.manager	DEBUG	Registering startup change 'installed' for aushelper@mozilla.org
1506325586694	addons.xpi	DEBUG	Loading bootstrap scope from C:\Program Files (x86)\Mozilla Firefox\browser\features\aushelper@mozilla.org.xpi
1506325586697	addons.xpi	DEBUG	Calling bootstrap method install on aushelper@mozilla.org version 2.0
1506325586697	addons.xpi-utils	DEBUG	Make addon app-system-defaults:aushelper@mozilla.org visible
1506325586698	addons.xpi	DEBUG	Updating XPIState for {"id":"aushelper@mozilla.org","syncGUID":"{b29dcd08-15a4-468b-86f3-048026d02078}","location":"app-system-defaults","version":"2.0","type":"extension","internalName":null,"updateURL":null,"updateKey":null,"optionsURL":null,"optionsType":null,"aboutURL":null,"defaultLocale":{"name":"Application Update Service Helper","description":"Sets value(s) in the update url based on custom checks.","creator":null,"homepageURL":null},"visible":true,"active":false,"userDisabled":false,"appDisabled":false,"installDate":1503402531839,"updateDate":1503402531839,"applyBackgroundUpdates":1,"bootstrap":true,"path":"C:\\Program Files (x86)\\Mozilla Firefox\\browser\\features\\aushelper@mozilla.org.xpi","skinnable":false,"size":8488,"sourceURI":null,"releaseNotesURI":null,"softDisabled":false,"foreignInstall":false,"hasBinaryComponents":false,"strictCompatibility":false,"locales":[],"targetApplications":[{"id":"{ec8030f7-c20a-464f-9b0e-13a3a9e97384}","minVersion":"55.0.2","maxVersion":"55.*"}],"targetPlatforms":[],"multiprocessCompatible":true,"seen":true,"dependencies":[],"hasEmbeddedWebExtension":false,"mpcOptedOut":false,"userPermissions":null,"icons":{},"iconURL":null,"icon64URL":null}
1506325586701	DeferredSave.extensions.json	DEBUG	Save changes
1506325586701	addons.manager	DEBUG	Registering startup change 'installed' for clicktoplay-rollout@mozilla.org
1506325586702	addons.xpi	DEBUG	Loading bootstrap scope from C:\Program Files (x86)\Mozilla Firefox\browser\features\clicktoplay-rollout@mozilla.org.xpi
1506325586712	addons.xpi	DEBUG	Calling bootstrap method install on clicktoplay-rollout@mozilla.org version 1.2
1506325586712	addons.xpi-utils	DEBUG	Make addon app-system-defaults:clicktoplay-rollout@mozilla.org visible
1506325586712	addons.xpi	DEBUG	Updating XPIState for {"id":"clicktoplay-rollout@mozilla.org","syncGUID":"{52193626-a71a-415b-a5ea-dac644140dec}","location":"app-system-defaults","version":"1.2","type":"extension","internalName":null,"updateURL":null,"updateKey":null,"optionsURL":null,"optionsType":null,"aboutURL":null,"defaultLocale":{"name":"Click-to-Play staged rollout","description":"Staged rollout for Click-to-Play Flash.","creator":null,"homepageURL":null},"visible":true,"active":false,"userDisabled":false,"appDisabled":false,"installDate":1503402531861,"updateDate":1503402531861,"applyBackgroundUpdates":1,"bootstrap":true,"path":"C:\\Program Files (x86)\\Mozilla Firefox\\browser\\features\\clicktoplay-rollout@mozilla.org.xpi","skinnable":false,"size":5621,"sourceURI":null,"releaseNotesURI":null,"softDisabled":false,"foreignInstall":false,"hasBinaryComponents":false,"strictCompatibility":false,"locales":[],"targetApplications":[{"id":"{ec8030f7-c20a-464f-9b0e-13a3a9e97384}","minVersion":"55.0.2","maxVersion":"55.*"}],"targetPlatforms":[],"multiprocessCompatible":true,"seen":true,"dependencies":[],"hasEmbeddedWebExtension":false,"mpcOptedOut":false,"userPermissions":null,"icons":{},"iconURL":null,"icon64URL":null}
1506325586713	DeferredSave.extensions.json	DEBUG	Save changes
1506325586713	addons.manager	DEBUG	Registering startup change 'installed' for e10srollout@mozilla.org
1506325586713	addons.xpi	DEBUG	Loading bootstrap scope from C:\Program Files (x86)\Mozilla Firefox\browser\features\e10srollout@mozilla.org.xpi
1506325586715	addons.xpi	DEBUG	Calling bootstrap method install on e10srollout@mozilla.org version 2.0
1506325586717	addons.xpi-utils	DEBUG	Make addon app-system-defaults:e10srollout@mozilla.org visible
1506325586717	addons.xpi	DEBUG	Updating XPIState for {"id":"e10srollout@mozilla.org","syncGUID":"{3b11ce0d-c1b9-4768-b16b-666704b5adde}","location":"app-system-defaults","version":"2.0","type":"extension","internalName":null,"updateURL":null,"updateKey":null,"optionsURL":null,"optionsType":null,"aboutURL":null,"defaultLocale":{"name":"Multi-process staged rollout","description":"Staged rollout of Firefox multi-process feature.","creator":null,"homepageURL":null},"visible":true,"active":false,"userDisabled":false,"appDisabled":false,"installDate":1503402531837,"updateDate":1503402531837,"applyBackgroundUpdates":1,"bootstrap":true,"path":"C:\\Program Files (x86)\\Mozilla Firefox\\browser\\features\\e10srollout@mozilla.org.xpi","skinnable":false,"size":13287,"sourceURI":null,"releaseNotesURI":null,"softDisabled":false,"foreignInstall":false,"hasBinaryComponents":false,"strictCompatibility":false,"locales":[],"targetApplications":[{"id":"{ec8030f7-c20a-464f-9b0e-13a3a9e97384}","minVersion":"55.0.2","maxVersion":"55.*"}],"targetPlatforms":[],"multiprocessCompatible":true,"seen":true,"dependencies":[],"hasEmbeddedWebExtension":false,"mpcOptedOut":false,"userPermissions":null,"icons":{},"iconURL":null,"icon64URL":null}
1506325586717	DeferredSave.extensions.json	DEBUG	Save changes
1506325586717	addons.manager	DEBUG	Registering startup change 'installed' for firefox@getpocket.com
1506325586718	addons.xpi	DEBUG	Loading bootstrap scope from C:\Program Files (x86)\Mozilla Firefox\browser\features\firefox@getpocket.com.xpi
1506325586723	addons.xpi	DEBUG	Calling bootstrap method install on firefox@getpocket.com version 1.0.5
1506325586723	addons.xpi-utils	DEBUG	Make addon app-system-defaults:firefox@getpocket.com visible
1506325586723	addons.xpi	DEBUG	Updating XPIState for {"id":"firefox@getpocket.com","syncGUID":"{1f4788cf-0416-4360-ac0b-4644eb2f1152}","location":"app-system-defaults","version":"1.0.5","type":"extension","internalName":null,"updateURL":null,"updateKey":null,"optionsURL":null,"optionsType":null,"aboutURL":null,"defaultLocale":{"name":"Pocket","description":"When you find something you want to view later, put it in Pocket.","creator":null,"homepageURL":null},"visible":true,"active":false,"userDisabled":false,"appDisabled":false,"installDate":1503402531835,"updateDate":1503402531835,"applyBackgroundUpdates":1,"bootstrap":true,"path":"C:\\Program Files (x86)\\Mozilla Firefox\\browser\\features\\firefox@getpocket.com.xpi","skinnable":false,"size":863247,"sourceURI":null,"releaseNotesURI":null,"softDisabled":false,"foreignInstall":false,"hasBinaryComponents":false,"strictCompatibility":false,"locales":[],"targetApplications":[{"id":"{ec8030f7-c20a-464f-9b0e-13a3a9e97384}","minVersion":"55.0.2","maxVersion":"55.*"}],"targetPlatforms":[],"multiprocessCompatible":true,"seen":true,"dependencies":[],"hasEmbeddedWebExtension":false,"mpcOptedOut":false,"userPermissions":null,"icons":{},"iconURL":null,"icon64URL":null}
1506325586723	DeferredSave.extensions.json	DEBUG	Save changes
1506325586724	addons.manager	DEBUG	Registering startup change 'installed' for followonsearch@mozilla.com
1506325586724	addons.xpi	DEBUG	Loading bootstrap scope from C:\Program Files (x86)\Mozilla Firefox\browser\features\followonsearch@mozilla.com.xpi
1506325586726	addons.xpi	DEBUG	Calling bootstrap method install on followonsearch@mozilla.com version 0.9.1
1506325586726	addons.xpi-utils	DEBUG	Make addon app-system-defaults:followonsearch@mozilla.com visible
1506325586726	addons.xpi	DEBUG	Updating XPIState for {"id":"followonsearch@mozilla.com","syncGUID":"{08c03c01-eecd-4c8a-996c-52d5119050a2}","location":"app-system-defaults","version":"0.9.1","type":"extension","internalName":null,"updateURL":null,"updateKey":null,"optionsURL":null,"optionsType":null,"aboutURL":null,"defaultLocale":{"name":"Follow-on Search Telemetry","description":null,"creator":null,"homepageURL":null},"visible":true,"active":false,"userDisabled":false,"appDisabled":false,"installDate":1503402531860,"updateDate":1503402531860,"applyBackgroundUpdates":1,"bootstrap":true,"path":"C:\\Program Files (x86)\\Mozilla Firefox\\browser\\features\\followonsearch@mozilla.com.xpi","skinnable":false,"size":16730,"sourceURI":null,"releaseNotesURI":null,"softDisabled":false,"foreignInstall":false,"hasBinaryComponents":false,"strictCompatibility":false,"locales":[],"targetApplications":[{"id":"{ec8030f7-c20a-464f-9b0e-13a3a9e97384}","minVersion":"52.0","maxVersion":"59.*"}],"targetPlatforms":[],"multiprocessCompatible":true,"seen":true,"dependencies":[],"hasEmbeddedWebExtension":false,"mpcOptedOut":false,"userPermissions":null,"icons":{},"iconURL":null,"icon64URL":null}
1506325586727	DeferredSave.extensions.json	DEBUG	Save changes
1506325586727	addons.manager	DEBUG	Registering startup change 'installed' for screenshots@mozilla.org
1506325586727	addons.xpi	DEBUG	Loading bootstrap scope from C:\Program Files (x86)\Mozilla Firefox\browser\features\screenshots@mozilla.org.xpi
1506325586730	addons.xpi	DEBUG	Calling bootstrap method install on screenshots@mozilla.org version 10.10.0
1506325586730	addons.xpi-utils	DEBUG	Make addon app-system-defaults:screenshots@mozilla.org visible
1506325586731	addons.xpi	DEBUG	Updating XPIState for {"id":"screenshots@mozilla.org","syncGUID":"{36244846-314b-4b51-8570-38423a23acb9}","location":"app-system-defaults","version":"10.10.0","type":"extension","internalName":null,"updateURL":null,"updateKey":null,"optionsURL":null,"optionsType":null,"aboutURL":null,"defaultLocale":{"name":"Firefox Screenshots","description":null,"creator":null,"homepageURL":"https://pageshot.net/"},"visible":true,"active":false,"userDisabled":false,"appDisabled":false,"installDate":1503402531829,"updateDate":1503402531829,"applyBackgroundUpdates":1,"bootstrap":true,"path":"C:\\Program Files (x86)\\Mozilla Firefox\\browser\\features\\screenshots@mozilla.org.xpi","skinnable":false,"size":651762,"sourceURI":null,"releaseNotesURI":null,"softDisabled":false,"foreignInstall":false,"hasBinaryComponents":false,"strictCompatibility":false,"locales":[],"targetApplications":[{"id":"{ec8030f7-c20a-464f-9b0e-13a3a9e97384}","minVersion":"51.0a1","maxVersion":"*"}],"targetPlatforms":[],"multiprocessCompatible":true,"seen":true,"dependencies":[],"hasEmbeddedWebExtension":false,"mpcOptedOut":false,"userPermissions":null,"icons":{},"iconURL":null,"icon64URL":null}
1506325586731	DeferredSave.extensions.json	DEBUG	Save changes
1506325586731	addons.manager	DEBUG	Registering startup change 'installed' for shield-recipe-client@mozilla.org
1506325586731	addons.xpi	DEBUG	Loading bootstrap scope from C:\Program Files (x86)\Mozilla Firefox\browser\features\shield-recipe-client@mozilla.org.xpi
1506325586733	addons.xpi	DEBUG	Calling bootstrap method install on shield-recipe-client@mozilla.org version 55.1
1506325586733	addons.xpi-utils	DEBUG	Make addon app-system-defaults:shield-recipe-client@mozilla.org visible
1506325586734	addons.xpi	DEBUG	Updating XPIState for {"id":"shield-recipe-client@mozilla.org","syncGUID":"{b92f5709-fed1-444f-9db5-06e831c3c6e5}","location":"app-system-defaults","version":"55.1","type":"extension","internalName":null,"updateURL":null,"updateKey":null,"optionsURL":null,"optionsType":null,"aboutURL":null,"defaultLocale":{"name":"Shield Recipe Client","description":"Client to download and run recipes for SHIELD, Heartbeat, etc.","creator":null,"homepageURL":null},"visible":true,"active":false,"userDisabled":false,"appDisabled":false,"installDate":1503402531858,"updateDate":1503402531858,"applyBackgroundUpdates":1,"bootstrap":true,"path":"C:\\Program Files (x86)\\Mozilla Firefox\\browser\\features\\shield-recipe-client@mozilla.org.xpi","skinnable":false,"size":140305,"sourceURI":null,"releaseNotesURI":null,"softDisabled":false,"foreignInstall":false,"hasBinaryComponents":false,"strictCompatibility":false,"locales":[],"targetApplications":[{"id":"{ec8030f7-c20a-464f-9b0e-13a3a9e97384}","minVersion":"55.0.2","maxVersion":"55.*"}],"targetPlatforms":[],"multiprocessCompatible":true,"seen":true,"dependencies":[],"hasEmbeddedWebExtension":false,"mpcOptedOut":false,"userPermissions":null,"icons":{},"iconURL":null,"icon64URL":null}
1506325586734	DeferredSave.extensions.json	DEBUG	Save changes
1506325586734	addons.manager	DEBUG	Registering startup change 'installed' for webcompat@mozilla.org
1506325586735	addons.xpi	DEBUG	Loading bootstrap scope from C:\Program Files (x86)\Mozilla Firefox\browser\features\webcompat@mozilla.org.xpi
1506325586736	addons.xpi	DEBUG	Calling bootstrap method install on webcompat@mozilla.org version 1.1
1506325586736	addons.xpi-utils	DEBUG	Make addon app-system-defaults:webcompat@mozilla.org visible
1506325586737	addons.xpi	DEBUG	Updating XPIState for {"id":"webcompat@mozilla.org","syncGUID":"{e36d3106-fd8d-4d14-95aa-26cb8aa85fbd}","location":"app-system-defaults","version":"1.1","type":"extension","internalName":null,"updateURL":null,"updateKey":null,"optionsURL":null,"optionsType":null,"aboutURL":null,"defaultLocale":{"name":"Web Compat","description":"Urgent post-release fixes for web compatibility.","creator":null,"homepageURL":null},"visible":true,"active":false,"userDisabled":false,"appDisabled":false,"installDate":1503402531795,"updateDate":1503402531795,"applyBackgroundUpdates":1,"bootstrap":true,"path":"C:\\Program Files (x86)\\Mozilla Firefox\\browser\\features\\webcompat@mozilla.org.xpi","skinnable":false,"size":8992,"sourceURI":null,"releaseNotesURI":null,"softDisabled":false,"foreignInstall":false,"hasBinaryComponents":false,"strictCompatibility":false,"locales":[],"targetApplications":[{"id":"{ec8030f7-c20a-464f-9b0e-13a3a9e97384}","minVersion":"55.0.2","maxVersion":"55.*"}],"targetPlatforms":[],"multiprocessCompatible":true,"seen":true,"dependencies":[],"hasEmbeddedWebExtension":false,"mpcOptedOut":false,"userPermissions":null,"icons":{},"iconURL":null,"icon64URL":null}
1506325586737	DeferredSave.extensions.json	DEBUG	Save changes
1506325586737	addons.xpi-utils	DEBUG	Make addon app-global:{972ce4c6-7e08-4474-a285-3208198ce6fd} visible
1506325586737	addons.xpi	DEBUG	Updating XPIState for {"id":"{972ce4c6-7e08-4474-a285-3208198ce6fd}","syncGUID":"{340c1dd1-8099-450a-ae10-dd02cbb9c2c4}","location":"app-global","version":"55.0.2","type":"theme","internalName":"classic/1.0","updateURL":null,"updateKey":null,"optionsURL":null,"optionsType":null,"optionsBrowserStyle":null,"aboutURL":null,"defaultLocale":{"name":"Default","description":"The default theme.","creator":"Mozilla","homepageURL":null,"contributors":["Mozilla Contributors"]},"visible":true,"active":false,"userDisabled":false,"appDisabled":false,"installDate":1503402531840,"updateDate":1503402531840,"applyBackgroundUpdates":1,"path":"C:\\Program Files (x86)\\Mozilla Firefox\\browser\\extensions\\{972ce4c6-7e08-4474-a285-3208198ce6fd}.xpi","skinnable":true,"size":7559,"sourceURI":null,"releaseNotesURI":null,"softDisabled":false,"foreignInstall":false,"hasBinaryComponents":false,"strictCompatibility":true,"locales":[],"targetApplications":[{"id":"{ec8030f7-c20a-464f-9b0e-13a3a9e97384}","minVersion":"55.0.2","maxVersion":"55.0.2"}],"targetPlatforms":[],"seen":true,"dependencies":[],"hasEmbeddedWebExtension":false,"userPermissions":null,"icons":{},"iconURL":"chrome://browser/content/default-theme-icon.svg","icon64URL":null}
1506325586738	DeferredSave.extensions.json	DEBUG	Save changes
1506325586738	addons.xpi	DEBUG	Updating XPIState for {"id":"aushelper@mozilla.org","syncGUID":"{b29dcd08-15a4-468b-86f3-048026d02078}","location":"app-system-defaults","version":"2.0","type":"extension","internalName":null,"updateURL":null,"updateKey":null,"optionsURL":null,"optionsType":null,"aboutURL":null,"defaultLocale":{"name":"Application Update Service Helper","description":"Sets value(s) in the update url based on custom checks.","creator":null,"homepageURL":null},"visible":true,"active":true,"userDisabled":false,"appDisabled":false,"installDate":1503402531839,"updateDate":1503402531839,"applyBackgroundUpdates":1,"bootstrap":true,"path":"C:\\Program Files (x86)\\Mozilla Firefox\\browser\\features\\aushelper@mozilla.org.xpi","skinnable":false,"size":8488,"sourceURI":null,"releaseNotesURI":null,"softDisabled":false,"foreignInstall":false,"hasBinaryComponents":false,"strictCompatibility":false,"locales":[],"targetApplications":[{"id":"{ec8030f7-c20a-464f-9b0e-13a3a9e97384}","minVersion":"55.0.2","maxVersion":"55.*"}],"targetPlatforms":[],"multiprocessCompatible":true,"seen":true,"dependencies":[],"hasEmbeddedWebExtension":false,"mpcOptedOut":false,"userPermissions":null,"icons":{},"iconURL":null,"icon64URL":null}
1506325586738	addons.xpi	DEBUG	Updating XPIState for {"id":"clicktoplay-rollout@mozilla.org","syncGUID":"{52193626-a71a-415b-a5ea-dac644140dec}","location":"app-system-defaults","version":"1.2","type":"extension","internalName":null,"updateURL":null,"updateKey":null,"optionsURL":null,"optionsType":null,"aboutURL":null,"defaultLocale":{"name":"Click-to-Play staged rollout","description":"Staged rollout for Click-to-Play Flash.","creator":null,"homepageURL":null},"visible":true,"active":true,"userDisabled":false,"appDisabled":false,"installDate":1503402531861,"updateDate":1503402531861,"applyBackgroundUpdates":1,"bootstrap":true,"path":"C:\\Program Files (x86)\\Mozilla Firefox\\browser\\features\\clicktoplay-rollout@mozilla.org.xpi","skinnable":false,"size":5621,"sourceURI":null,"releaseNotesURI":null,"softDisabled":false,"foreignInstall":false,"hasBinaryComponents":false,"strictCompatibility":false,"locales":[],"targetApplications":[{"id":"{ec8030f7-c20a-464f-9b0e-13a3a9e97384}","minVersion":"55.0.2","maxVersion":"55.*"}],"targetPlatforms":[],"multiprocessCompatible":true,"seen":true,"dependencies":[],"hasEmbeddedWebExtension":false,"mpcOptedOut":false,"userPermissions":null,"icons":{},"iconURL":null,"icon64URL":null}
1506325586739	addons.xpi	DEBUG	Updating XPIState for {"id":"e10srollout@mozilla.org","syncGUID":"{3b11ce0d-c1b9-4768-b16b-666704b5adde}","location":"app-system-defaults","version":"2.0","type":"extension","internalName":null,"updateURL":null,"updateKey":null,"optionsURL":null,"optionsType":null,"aboutURL":null,"defaultLocale":{"name":"Multi-process staged rollout","description":"Staged rollout of Firefox multi-process feature.","creator":null,"homepageURL":null},"visible":true,"active":true,"userDisabled":false,"appDisabled":false,"installDate":1503402531837,"updateDate":1503402531837,"applyBackgroundUpdates":1,"bootstrap":true,"path":"C:\\Program Files (x86)\\Mozilla Firefox\\browser\\features\\e10srollout@mozilla.org.xpi","skinnable":false,"size":13287,"sourceURI":null,"releaseNotesURI":null,"softDisabled":false,"foreignInstall":false,"hasBinaryComponents":false,"strictCompatibility":false,"locales":[],"targetApplications":[{"id":"{ec8030f7-c20a-464f-9b0e-13a3a9e97384}","minVersion":"55.0.2","maxVersion":"55.*"}],"targetPlatforms":[],"multiprocessCompatible":true,"seen":true,"dependencies":[],"hasEmbeddedWebExtension":false,"mpcOptedOut":false,"userPermissions":null,"icons":{},"iconURL":null,"icon64URL":null}
1506325586739	addons.xpi	DEBUG	Updating XPIState for {"id":"firefox@getpocket.com","syncGUID":"{1f4788cf-0416-4360-ac0b-4644eb2f1152}","location":"app-system-defaults","version":"1.0.5","type":"extension","internalName":null,"updateURL":null,"updateKey":null,"optionsURL":null,"optionsType":null,"aboutURL":null,"defaultLocale":{"name":"Pocket","description":"When you find something you want to view later, put it in Pocket.","creator":null,"homepageURL":null},"visible":true,"active":true,"userDisabled":false,"appDisabled":false,"installDate":1503402531835,"updateDate":1503402531835,"applyBackgroundUpdates":1,"bootstrap":true,"path":"C:\\Program Files (x86)\\Mozilla Firefox\\browser\\features\\firefox@getpocket.com.xpi","skinnable":false,"size":863247,"sourceURI":null,"releaseNotesURI":null,"softDisabled":false,"foreignInstall":false,"hasBinaryComponents":false,"strictCompatibility":false,"locales":[],"targetApplications":[{"id":"{ec8030f7-c20a-464f-9b0e-13a3a9e97384}","minVersion":"55.0.2","maxVersion":"55.*"}],"targetPlatforms":[],"multiprocessCompatible":true,"seen":true,"dependencies":[],"hasEmbeddedWebExtension":false,"mpcOptedOut":false,"userPermissions":null,"icons":{},"iconURL":null,"icon64URL":null}
1506325586739	addons.xpi	DEBUG	Updating XPIState for {"id":"followonsearch@mozilla.com","syncGUID":"{08c03c01-eecd-4c8a-996c-52d5119050a2}","location":"app-system-defaults","version":"0.9.1","type":"extension","internalName":null,"updateURL":null,"updateKey":null,"optionsURL":null,"optionsType":null,"aboutURL":null,"defaultLocale":{"name":"Follow-on Search Telemetry","description":null,"creator":null,"homepageURL":null},"visible":true,"active":true,"userDisabled":false,"appDisabled":false,"installDate":1503402531860,"updateDate":1503402531860,"applyBackgroundUpdates":1,"bootstrap":true,"path":"C:\\Program Files (x86)\\Mozilla Firefox\\browser\\features\\followonsearch@mozilla.com.xpi","skinnable":false,"size":16730,"sourceURI":null,"releaseNotesURI":null,"softDisabled":false,"foreignInstall":false,"hasBinaryComponents":false,"strictCompatibility":false,"locales":[],"targetApplications":[{"id":"{ec8030f7-c20a-464f-9b0e-13a3a9e97384}","minVersion":"52.0","maxVersion":"59.*"}],"targetPlatforms":[],"multiprocessCompatible":true,"seen":true,"dependencies":[],"hasEmbeddedWebExtension":false,"mpcOptedOut":false,"userPermissions":null,"icons":{},"iconURL":null,"icon64URL":null}
1506325586740	addons.xpi	DEBUG	Updating XPIState for {"id":"screenshots@mozilla.org","syncGUID":"{36244846-314b-4b51-8570-38423a23acb9}","location":"app-system-defaults","version":"10.10.0","type":"extension","internalName":null,"updateURL":null,"updateKey":null,"optionsURL":null,"optionsType":null,"aboutURL":null,"defaultLocale":{"name":"Firefox Screenshots","description":null,"creator":null,"homepageURL":"https://pageshot.net/"},"visible":true,"active":true,"userDisabled":false,"appDisabled":false,"installDate":1503402531829,"updateDate":1503402531829,"applyBackgroundUpdates":1,"bootstrap":true,"path":"C:\\Program Files (x86)\\Mozilla Firefox\\browser\\features\\screenshots@mozilla.org.xpi","skinnable":false,"size":651762,"sourceURI":null,"releaseNotesURI":null,"softDisabled":false,"foreignInstall":false,"hasBinaryComponents":false,"strictCompatibility":false,"locales":[],"targetApplications":[{"id":"{ec8030f7-c20a-464f-9b0e-13a3a9e97384}","minVersion":"51.0a1","maxVersion":"*"}],"targetPlatforms":[],"multiprocessCompatible":true,"seen":true,"dependencies":[],"hasEmbeddedWebExtension":false,"mpcOptedOut":false,"userPermissions":null,"icons":{},"iconURL":null,"icon64URL":null}
1506325586740	addons.xpi	DEBUG	Updating XPIState for {"id":"shield-recipe-client@mozilla.org","syncGUID":"{b92f5709-fed1-444f-9db5-06e831c3c6e5}","location":"app-system-defaults","version":"55.1","type":"extension","internalName":null,"updateURL":null,"updateKey":null,"optionsURL":null,"optionsType":null,"aboutURL":null,"defaultLocale":{"name":"Shield Recipe Client","description":"Client to download and run recipes for SHIELD, Heartbeat, etc.","creator":null,"homepageURL":null},"visible":true,"active":true,"userDisabled":false,"appDisabled":false,"installDate":1503402531858,"updateDate":1503402531858,"applyBackgroundUpdates":1,"bootstrap":true,"path":"C:\\Program Files (x86)\\Mozilla Firefox\\browser\\features\\shield-recipe-client@mozilla.org.xpi","skinnable":false,"size":140305,"sourceURI":null,"releaseNotesURI":null,"softDisabled":false,"foreignInstall":false,"hasBinaryComponents":false,"strictCompatibility":false,"locales":[],"targetApplications":[{"id":"{ec8030f7-c20a-464f-9b0e-13a3a9e97384}","minVersion":"55.0.2","maxVersion":"55.*"}],"targetPlatforms":[],"multiprocessCompatible":true,"seen":true,"dependencies":[],"hasEmbeddedWebExtension":false,"mpcOptedOut":false,"userPermissions":null,"icons":{},"iconURL":null,"icon64URL":null}
1506325586741	addons.xpi	DEBUG	Updating XPIState for {"id":"webcompat@mozilla.org","syncGUID":"{e36d3106-fd8d-4d14-95aa-26cb8aa85fbd}","location":"app-system-defaults","version":"1.1","type":"extension","internalName":null,"updateURL":null,"updateKey":null,"optionsURL":null,"optionsType":null,"aboutURL":null,"defaultLocale":{"name":"Web Compat","description":"Urgent post-release fixes for web compatibility.","creator":null,"homepageURL":null},"visible":true,"active":true,"userDisabled":false,"appDisabled":false,"installDate":1503402531795,"updateDate":1503402531795,"applyBackgroundUpdates":1,"bootstrap":true,"path":"C:\\Program Files (x86)\\Mozilla Firefox\\browser\\features\\webcompat@mozilla.org.xpi","skinnable":false,"size":8992,"sourceURI":null,"releaseNotesURI":null,"softDisabled":false,"foreignInstall":false,"hasBinaryComponents":false,"strictCompatibility":false,"locales":[],"targetApplications":[{"id":"{ec8030f7-c20a-464f-9b0e-13a3a9e97384}","minVersion":"55.0.2","maxVersion":"55.*"}],"targetPlatforms":[],"multiprocessCompatible":true,"seen":true,"dependencies":[],"hasEmbeddedWebExtension":false,"mpcOptedOut":false,"userPermissions":null,"icons":{},"iconURL":null,"icon64URL":null}
1506325586741	addons.xpi	DEBUG	Updating XPIState for {"id":"{972ce4c6-7e08-4474-a285-3208198ce6fd}","syncGUID":"{340c1dd1-8099-450a-ae10-dd02cbb9c2c4}","location":"app-global","version":"55.0.2","type":"theme","internalName":"classic/1.0","updateURL":null,"updateKey":null,"optionsURL":null,"optionsType":null,"optionsBrowserStyle":null,"aboutURL":null,"defaultLocale":{"name":"Default","description":"The default theme.","creator":"Mozilla","homepageURL":null,"contributors":["Mozilla Contributors"]},"visible":true,"active":true,"userDisabled":false,"appDisabled":false,"installDate":1503402531840,"updateDate":1503402531840,"applyBackgroundUpdates":1,"path":"C:\\Program Files (x86)\\Mozilla Firefox\\browser\\extensions\\{972ce4c6-7e08-4474-a285-3208198ce6fd}.xpi","skinnable":true,"size":7559,"sourceURI":null,"releaseNotesURI":null,"softDisabled":false,"foreignInstall":false,"hasBinaryComponents":false,"strictCompatibility":true,"locales":[],"targetApplications":[{"id":"{ec8030f7-c20a-464f-9b0e-13a3a9e97384}","minVersion":"55.0.2","maxVersion":"55.0.2"}],"targetPlatforms":[],"seen":true,"dependencies":[],"hasEmbeddedWebExtension":false,"userPermissions":null,"icons":{},"iconURL":"chrome://browser/content/default-theme-icon.svg","icon64URL":null}
1506325586742	DeferredSave.extensions.json	DEBUG	Save changes
1506325586742	addons.xpi	DEBUG	Updating database with changes to installed add-ons
1506325586742	addons.xpi-utils	DEBUG	Updating add-on states
1506325586746	addons.xpi	DEBUG	Registering manifest for C:\Program Files (x86)\Mozilla Firefox\browser\features\aushelper@mozilla.org.xpi
1506325586747	addons.xpi	DEBUG	Calling bootstrap method startup on aushelper@mozilla.org version 2.0
1506325586749	addons.xpi	DEBUG	Registering manifest for C:\Program Files (x86)\Mozilla Firefox\browser\features\clicktoplay-rollout@mozilla.org.xpi
1506325586750	addons.xpi	DEBUG	Calling bootstrap method startup on clicktoplay-rollout@mozilla.org version 1.2
1506325586888	addons.xpi	DEBUG	Registering manifest for C:\Program Files (x86)\Mozilla Firefox\browser\features\e10srollout@mozilla.org.xpi
1506325586888	addons.xpi	DEBUG	Calling bootstrap method startup on e10srollout@mozilla.org version 2.0
1506325586889	addons.xpi	DEBUG	Registering manifest for C:\Program Files (x86)\Mozilla Firefox\browser\features\firefox@getpocket.com.xpi
1506325586889	addons.xpi	DEBUG	Calling bootstrap method startup on firefox@getpocket.com version 1.0.5
1506325586918	addons.xpi	DEBUG	Registering manifest for C:\Program Files (x86)\Mozilla Firefox\browser\features\followonsearch@mozilla.com.xpi
1506325586918	addons.xpi	DEBUG	Calling bootstrap method startup on followonsearch@mozilla.com version 0.9.1
1506325586919	addons.xpi	DEBUG	Registering manifest for C:\Program Files (x86)\Mozilla Firefox\browser\features\screenshots@mozilla.org.xpi
1506325586919	addons.xpi	DEBUG	Calling bootstrap method startup on screenshots@mozilla.org version 10.10.0
1506325586920	addons.xpi	DEBUG	Registering manifest for C:\Program Files (x86)\Mozilla Firefox\browser\features\shield-recipe-client@mozilla.org.xpi
1506325586920	addons.xpi	DEBUG	Calling bootstrap method startup on shield-recipe-client@mozilla.org version 55.1
1506325586930	addons.xpi	DEBUG	Registering manifest for C:\Program Files (x86)\Mozilla Firefox\browser\features\webcompat@mozilla.org.xpi
1506325586931	addons.xpi	DEBUG	Calling bootstrap method startup on webcompat@mozilla.org version 1.1
1506325586959	addons.manager	DEBUG	Registering shutdown blocker for XPIProvider
1506325586959	addons.manager	DEBUG	Provider finished startup: XPIProvider
1506325586960	addons.manager	DEBUG	Starting provider: LightweightThemeManager
1506325586960	addons.manager	DEBUG	Registering shutdown blocker for LightweightThemeManager
1506325586960	addons.manager	DEBUG	Provider finished startup: LightweightThemeManager
1506325586961	addons.manager	DEBUG	Starting provider: GMPProvider
1506325586966	addons.manager	DEBUG	Registering shutdown blocker for GMPProvider
1506325586967	addons.manager	DEBUG	Provider finished startup: GMPProvider
1506325586967	addons.manager	DEBUG	Starting provider: PluginProvider
1506325586967	addons.manager	DEBUG	Registering shutdown blocker for PluginProvider
1506325586967	addons.manager	DEBUG	Provider finished startup: PluginProvider
1506325586968	addons.manager	DEBUG	Completed startup sequence
1506325587637	Marionette	INFO	Enabled via --marionette
1506325588986	addons.manager	DEBUG	Starting provider: PreviousExperimentProvider
1506325588986	addons.manager	DEBUG	Registering shutdown blocker for PreviousExperimentProvider
1506325588986	addons.manager	DEBUG	Provider finished startup: PreviousExperimentProvider
1506325588988	DeferredSave.extensions.json	DEBUG	Starting write
1506325589288	DeferredSave.extensions.json	DEBUG	Write succeeded
1506325589288	addons.xpi-utils	DEBUG	XPI Database saved, setting schema version preference to 21
1506325592150	addons.manager	DEBUG	Starting provider: <unnamed-provider>
1506325592150	addons.manager	DEBUG	Registering shutdown blocker for <unnamed-provider>
1506325592150	addons.manager	DEBUG	Provider finished startup: <unnamed-provider>
1506325592153	addons.xpi	INFO	Mapping aushelper@mozilla.org to C:\Program Files (x86)\Mozilla Firefox\browser\features\aushelper@mozilla.org.xpi
1506325592153	addons.xpi	INFO	Mapping clicktoplay-rollout@mozilla.org to C:\Program Files (x86)\Mozilla Firefox\browser\features\clicktoplay-rollout@mozilla.org.xpi
1506325592153	addons.xpi	INFO	Mapping e10srollout@mozilla.org to C:\Program Files (x86)\Mozilla Firefox\browser\features\e10srollout@mozilla.org.xpi
1506325592154	addons.xpi	INFO	Mapping firefox@getpocket.com to C:\Program Files (x86)\Mozilla Firefox\browser\features\firefox@getpocket.com.xpi
1506325592154	addons.xpi	INFO	Mapping followonsearch@mozilla.com to C:\Program Files (x86)\Mozilla Firefox\browser\features\followonsearch@mozilla.com.xpi
1506325592154	addons.xpi	INFO	Mapping screenshots@mozilla.org to C:\Program Files (x86)\Mozilla Firefox\browser\features\screenshots@mozilla.org.xpi
1506325592154	addons.xpi	INFO	Mapping shield-recipe-client@mozilla.org to C:\Program Files (x86)\Mozilla Firefox\browser\features\shield-recipe-client@mozilla.org.xpi
1506325592154	addons.xpi	INFO	Mapping webcompat@mozilla.org to C:\Program Files (x86)\Mozilla Firefox\browser\features\webcompat@mozilla.org.xpi
1506325592155	addons.xpi	DEBUG	Existing add-on aushelper@mozilla.org in app-system-defaults
1506325592155	addons.xpi	DEBUG	Existing add-on clicktoplay-rollout@mozilla.org in app-system-defaults
1506325592155	addons.xpi	DEBUG	Existing add-on e10srollout@mozilla.org in app-system-defaults
1506325592155	addons.xpi	DEBUG	Existing add-on firefox@getpocket.com in app-system-defaults
1506325592156	addons.xpi	DEBUG	Existing add-on followonsearch@mozilla.com in app-system-defaults
1506325592156	addons.xpi	DEBUG	Existing add-on screenshots@mozilla.org in app-system-defaults
1506325592156	addons.xpi	DEBUG	Existing add-on shield-recipe-client@mozilla.org in app-system-defaults
1506325592156	addons.xpi	DEBUG	Existing add-on webcompat@mozilla.org in app-system-defaults
1506325592156	addons.xpi	INFO	Mapping {972ce4c6-7e08-4474-a285-3208198ce6fd} to C:\Program Files (x86)\Mozilla Firefox\browser\extensions\{972ce4c6-7e08-4474-a285-3208198ce6fd}.xpi
1506325592157	addons.xpi	DEBUG	Existing add-on {972ce4c6-7e08-4474-a285-3208198ce6fd} in app-global
1506325592157	addons.xpi	DEBUG	getInstallState changed: false, state: {}
[GPU 1312] WARNING: pipe error: 109: file c:/builds/moz2_slave/m-rel-w32-00000000000000000000/build/src/ipc/chromium/src/chrome/common/ipc_channel_win.cc, line 346
[Child 10248] WARNING: pipe error: 109: file c:/builds/moz2_slave/m-rel-w32-00000000000000000000/build/src/ipc/chromium/src/chrome/common/ipc_channel_win.cc, line 346
[Child 10248] WARNING: pipe error: 109: file c:/builds/moz2_slave/m-rel-w32-00000000000000000000/build/src/ipc/chromium/src/chrome/common/ipc_channel_win.cc, line 346
1506325593038	addons.productaddons	INFO	sending request to: https://aus5.mozilla.org/update/3/GMP/55.0.2/20170814072924/WINNT_x86-msvc-x64/de/release/Windows_NT%206.1.1.0%20(x64)/default/default/update.xml
1506325595719	Marionette	INFO	Listening on port 61284
1506325595742	Marionette	INFO	Listening on port 61284
1506325595828	Marionette	WARN	TLS certificate errors will be ignored for this session
1506325595928	addons.productaddons	INFO	Completed downloading document
1506325596133	Marionette	DEBUG	loaded listener.js
1506325596266	addons.productaddons	INFO	downloadXHR File download. status=200
1506325596279	addons.productaddons	INFO	Downloaded file will be saved to C:\Users\Tuku\AppData\Local\Temp\tmpaddon
1506325596371	Marionette	DEBUG	Received DOM event "beforeunload" for "about:blank"
1506325596377	Marionette	DEBUG	Received DOM event "pagehide" for "about:blank"
1506325596377	Marionette	DEBUG	Received DOM event "unload" for "about:blank"
1506325596384	Marionette	DEBUG	Received DOM event "DOMContentLoaded" for "about:blank"
1506325596388	Marionette	DEBUG	Received DOM event "pageshow" for "about:blank"
1506325596456	Marionette	DEBUG	Received DOM event "beforeunload" for "about:blank"
1506325596665	Marionette	DEBUG	Received DOM event "pagehide" for "about:blank"
1506325596665	Marionette	DEBUG	Received DOM event "unload" for "about:blank"
1506325597230	Marionette	DEBUG	Received DOM event "DOMContentLoaded" for "http://192.168.0.14:39900/ilp/pages/external-dashboard.jsf?faces-redirect=true&dashboardId=6"
1506325597643	addons.productaddons	INFO	downloadXHR File download. status=200
1506325597651	addons.productaddons	INFO	Downloaded file will be saved to C:\Users\Tuku\AppData\Local\Temp\tmpaddon
1506325597652	Marionette	DEBUG	Received DOM event "pageshow" for "http://192.168.0.14:39900/ilp/pages/external-dashboard.jsf?faces-redirect=true&dashboardId=6"
1506325608675	Marionette	DEBUG	Received DOM event "beforeunload" for "http://192.168.0.14:39900/ilp/pages/external-dashboard.jsf?faces-redirect=true&dashboardId=6"
1506325609976	Marionette	DEBUG	Received DOM event "pagehide" for "http://192.168.0.14:39900/ilp/pages/external-dashboard.jsf?faces-redirect=true&dashboardId=6"
1506325609979	Marionette	DEBUG	Received DOM event "unload" for "http://192.168.0.14:39900/ilp/pages/external-dashboard.jsf?faces-redirect=true&dashboardId=6"
1506325610615	Marionette	DEBUG	Received DOM event "DOMContentLoaded" for "http://192.168.0.14:39900/ilp/pages/internal-dashboard.jsf?dashboardId=7"
1506325610683	Marionette	DEBUG	Received DOM event "pageshow" for "http://192.168.0.14:39900/ilp/pages/internal-dashboard.jsf?dashboardId=7"
1506325630982	Marionette	DEBUG	Canceled page load listener because no navigation has been detected
1506325636035	Marionette	DEBUG	Received DOM event "beforeunload" for "http://192.168.0.14:39900/ilp/pages/internal-dashboard.jsf?dashboardId=7"
1506325636165	Marionette	DEBUG	Received DOM event "pagehide" for "http://192.168.0.14:39900/ilp/pages/internal-dashboard.jsf?dashboardId=7"
1506325636168	Marionette	DEBUG	Received DOM event "unload" for "http://192.168.0.14:39900/ilp/pages/internal-dashboard.jsf?dashboardId=7"
1506325636455	Marionette	DEBUG	Received DOM event "DOMContentLoaded" for "http://192.168.0.14:39900/ilp/pages/external-dashboard.jsf?dashboardId=6&client=&locale=de"
1506325636633	Marionette	DEBUG	Received DOM event "pageshow" for "http://192.168.0.14:39900/ilp/pages/external-dashboard.jsf?dashboardId=6&client=&locale=de"
1506325646654	Marionette	INFO	New connections will no longer be accepted
1506325646687	addons.xpi	DEBUG	Calling bootstrap method shutdown on webcompat@mozilla.org version 1.1
1506325646688	addons.xpi	DEBUG	Calling bootstrap method shutdown on shield-recipe-client@mozilla.org version 55.1
1506325646690	addons.xpi	DEBUG	Calling bootstrap method shutdown on screenshots@mozilla.org version 10.10.0
1506325646691	addons.xpi	DEBUG	Calling bootstrap method shutdown on followonsearch@mozilla.com version 0.9.1
1506325646692	addons.xpi	DEBUG	Calling bootstrap method shutdown on firefox@getpocket.com version 1.0.5
1506325646692	addons.xpi	DEBUG	Calling bootstrap method shutdown on e10srollout@mozilla.org version 2.0
1506325646693	addons.xpi	DEBUG	Calling bootstrap method shutdown on clicktoplay-rollout@mozilla.org version 1.2
1506325646693	addons.xpi	DEBUG	Calling bootstrap method shutdown on aushelper@mozilla.org version 2.0
[Child 10364] WARNING: pipe error: 232: file c:/builds/moz2_slave/m-rel-w32-00000000000000000000/build/src/ipc/chromium/src/chrome/common/ipc_channel_win.cc, line 513
